d:\plugin-project\cpp\peb-manipulator\peb-manipulator\x64\release\peb-manipulator.pch
d:\plugin-project\cpp\peb-manipulator\peb-manipulator\x64\release\vc143.pdb
d:\plugin-project\cpp\peb-manipulator\peb-manipulator\x64\release\pch.obj
d:\plugin-project\cpp\peb-manipulator\peb-manipulator\x64\release\dllmain.obj
d:\plugin-project\cpp\peb-manipulator\x64\release\peb-manipulator.dp64
d:\plugin-project\cpp\peb-manipulator\x64\release\peb-manipulator.pdb
d:\plugin-project\cpp\peb-manipulator\peb-manipulator\x64\release\peb-manipulator.res
d:\plugin-project\cpp\peb-manipulator\x64\release\peb-manipulator.lib
d:\plugin-project\cpp\peb-manipulator\x64\release\peb-manipulator.exp
d:\plugin-project\cpp\peb-manipulator\peb-manipulator\x64\release\peb-manipulator.ipdb
d:\plugin-project\cpp\peb-manipulator\peb-manipulator\x64\release\peb-manipulator.iobj
d:\plugin-project\cpp\peb-manipulator\peb-manipulator\x64\release\peb-manipulator.tlog\cl.command.1.tlog
d:\plugin-project\cpp\peb-manipulator\peb-manipulator\x64\release\peb-manipulator.tlog\cl.items.tlog
d:\plugin-project\cpp\peb-manipulator\peb-manipulator\x64\release\peb-manipulator.tlog\cl.read.1.tlog
d:\plugin-project\cpp\peb-manipulator\peb-manipulator\x64\release\peb-manipulator.tlog\cl.write.1.tlog
d:\plugin-project\cpp\peb-manipulator\peb-manipulator\x64\release\peb-manipulator.tlog\link.command.1.tlog
d:\plugin-project\cpp\peb-manipulator\peb-manipulator\x64\release\peb-manipulator.tlog\link.read.1.tlog
d:\plugin-project\cpp\peb-manipulator\peb-manipulator\x64\release\peb-manipulator.tlog\link.secondary.1.tlog
d:\plugin-project\cpp\peb-manipulator\peb-manipulator\x64\release\peb-manipulator.tlog\link.write.1.tlog
d:\plugin-project\cpp\peb-manipulator\peb-manipulator\x64\release\peb-manipulator.tlog\rc.command.1.tlog
d:\plugin-project\cpp\peb-manipulator\peb-manipulator\x64\release\peb-manipulator.tlog\rc.read.1.tlog
d:\plugin-project\cpp\peb-manipulator\peb-manipulator\x64\release\peb-manipulator.tlog\rc.write.1.tlog
